P00331 1 
P07246 1 
P10127 1 
P38113 1 
P32771 1 
Q04894 1 
P25377 1 
P31116 1 
P39714 1 
Q00055 1 
P41911 1 
Q07993 1 
P35497 1 
Q07786 1 
P38715 1 
P00815 1 
P08566 1 
P53839 1 
P12683 1 
P12684 1 
P22133 1 
P17505 1 
P32419 1 
P36013 1 
P28834 1 
P28241 1 
P41939 1 
P53982 1 
P21954 1 
P38720 1 
P53319 1 
P11412 1 
Q06494 1 
P04173 1 
P06168 1 
P40495 1 
P40510 1 
P40054 1 
P35731 1 
P19097 1 
P40471 1 
P38342 1 
Q04212 1 
P38115 1 
P14065 1 
P38787 1 
P53199 1 
P39567 1 
P38697 1 
P50095 1 
P50094 1 
Q12068 1 
Q12452 1 
Q12068 1 
P32771 1 
P33312 1 
P39713 1 
P40580 1 
P38286 1 
Q05016 1 
P40510 1 
P40054 1 
Q02207 1 
P00175 1 
P32891 1 
P46681 1 
P39976 1 
P54783 1 
P32191 1 
P46681 1 
P39976 1 
Q08911 1 
P47771 1 
P54114 1 
Q04458 1 
P54115 1 
P46367 1 
P40047 1 
P13663 1 
P00360 1 
P00358 1 
P00359 1 
P38067 1 
P07702 1 
Q01217 1 
P54885 1 
P07275 1 
P07702 1 
P16387 1 
P32473 1 
P20967 1 
P32614 1 
P21375 1 
P07149 1 
P20049 1 
P32573 1 
P32462 1 
P25340 1 
P15807 1 
P53759 1 
Q06053 1 
Q06063 1 
P53720 1 
Q99190 1 
P40526 1 
P38071 1 
P11353 1 
P40012 1 
P13711 1 
Q00711 1 
P21801 1 
P47052 1 
P28272 1 
P33327 1 
P07262 1 
P39708 1 
Q12680 1 
P38075 1 
P49095 1 
P32263 1 
P07807 1 
P07245 1 
P09440 1 
P38998 1 
P38999 1 
Q02046 1 
P46151 1 
P53128 1 
Q07923 1 
P50264 1 
Q08822 1 
P09368 1 
P36060 1 
P38626 1 
Q12746 1 
P16603 1 
P38230 1 
P40215 1 
Q07500 1 
P32340 1 
Q03558 1 
P41816 1 
P39692 1 
P47169 1 
P09624 1 
P41921 1 
P29509 1 
P38816 1 
P27882 1 
Q12284 1 
P18408 1 
P40029 1 
P25566 1 
P36088 1 
P48239 1 
P36156 1 
P36077 1 
Q01519 1 
P32799 1 
P00401 1 
P00410 1 
P00420 1 
P04037 1 
P00424 1 
P00425 1 
P00427 1 
P10174 1 
P04039 1 
P07255 1 
P08067 1 
P00431 1 
P15202 1 
P06115 1 
P36014 1 
P38143 1 
P23202 1 
P38013 1 
P40553 1 
P40581 1 
P34227 1 
P34760 1 
Q04120 1 
P47096 1 
P47125 1 
Q03677 1 
P47177 1 
P40034 1 
P39676 1 
P38169 1 
P10614 1 
P53045 1 
P32476 1 
P21147 1 
P32353 1 
P54781 1 
P47120 1 
P00445 1 
P00447 1 
Q12209 1 
P32791 1 
P36033 1 
Q08905 1 
P53746 1 
Q08908 1 
Q12473 1 
Q12333 1 
Q07540 1 
P21524 1 
P09938 1 
P21672 1 
P49723 1 
P48360 1 
Q12525 2 
Q08985 2 
P05694 2 
P05374 2 
P05375 2 
P53934 2 
Q12009 2 
Q07527 2 
P33753 2 
P25087 2 
Q04089 2 
P38827 2 
P46995 2 
P06785 2 
P32783 2 
P38818 2 
P41833 2 
P26188 2 
P27680 2 
P05375 2 
P40481 2 
P32584 2 
P36150 2 
P27680 2 
P32643 2 
P25582 2 
P53123 2 
P41819 2 
P49017 2 
P38205 2 
P38238 2 
Q02648 2 
Q12463 2 
P15565 2 
P46959 2 
Q12400 2 
Q12383 2 
P38793 2 
P49957 2 
Q04081 2 
P38340 2 
Q06287 2 
Q08641 2 
P53177 2 
P38278 2 
P38961 2 
Q08282 2 
P25627 2 
P40991 2 
P53972 2 
Q12291 2 
P40493 2 
P32469 2 
P38274 2 
P36052 2 
P37291 2 
P37292 2 
P04161 2 
P54113 2 
P38009 2 
P32785 2 
P48015 2 
P38122 2 
P07259 2 
P05150 2 
P23254 2 
P33315 2 
P15019 2 
P53228 2 
P07342 2 
Q04728 2 
P40360 2 
P43577 2 
P80235 2 
P32796 2 
P40017 2 
P41338 2 
P12695 2 
P32784 2 
P36148 2 
P27796 2 
Q08650 2 
Q08650 2 
Q08548 2 
Q06510 2 
P28496 2 
P38703 2 
P25628 2 
P53629 2 
P08465 2 
Q04728 2 
P39979 2 
P09950 2 
P07149 2 
Q12283 2 
P07149 2 
P39525 2 
P19097 2 
P32784 2 
P36148 2 
Q02908 2 
Q08649 2 
Q03330 2 
Q12341 2 
Q06592 2 
P39979 2 
Q07794 2 
P40963 2 
P34218 2 
P46677 2 
P25045 2 
P40970 2 
Q08548 2 
Q12385 2 
Q06508 2 
P33333 2 
P19262 2 
P40353 2 
P53296 2 
Q02891 2 
P38295 2 
P07149 2 
P19097 2 
P14743 2 
P40345 2 
Q06005 2 
P39540 2 
P25358 2 
P40319 2 
P39010 2 
Q12013 2 
Q06551 2 
P42836 2 
Q12006 2 
Q03289 2 
Q04629 2 
Q08282 2 
P36132 2 
P43122 2 
Q06504 2 
P07347 2 
Q03503 2 
Q04751 2 
Q05902 2 
P16639 2 
P52492 2 
P52490 2 
P21734 2 
P06104 2 
P14682 2 
P15731 2 
P15732 2 
P33296 2 
Q02159 2 
P28263 2 
P29340 2 
P40985 2 
P53119 2 
P39940 2 
Q03280 2 
P33202 2 
Q07457 2 
P38823 2 
P53924 2 
P40318 2 
Q05580 2 
Q08109 2 
Q04781 2 
P12868 2 
Q06651 2 
P32523 2 
P10862 2 
P32828 2 
P40072 2 
P53127 2 
P36096 2 
P19812 2 
Q07963 2 
P54860 2 
P00890 2 
P43635 2 
P30952 2 
P21826 2 
P54839 2 
P06208 2 
Q12166 2 
P48570 2 
Q12122 2 
P08679 2 
P06738 2 
P23337 2 
P27472 2 
Q00764 2 
P08004 2 
P14180 2 
P29465 2 
P32775 2 
Q06625 2 
P38631 2 
P40989 2 
Q04952 2 
P14020 2 
P33775 2 
P31382 2 
P47190 2 
P46971 2 
P52867 2 
P42934 2 
Q06644 2 
P40350 2 
P53954 2 
P43636 2 
P53178 2 
P16661 2 
Q06321 2 
P36143 2 
P47011 2 
P53961 2 
Q04082 2 
P53306 2 
P46961 2 
P32363 2 
P31755 2 
P50076 2 
P43636 2 
P38179 2 
P53868 2 
P53730 2 
P53868 2 
P40351 2 
Q12001 2 
Q05788 2 
P49435 2 
P36973 2 
Q04178 2 
P18562 2 
P13298 2 
P30402 2 
P04046 2 
P00498 2 
P07285 2 
P43619 2 
Q07938 2 
P41543 2 
P46964 2 
P48439 2 
Q99380 2 
Q92316 2 
Q03723 2 
P33767 2 
Q02795 2 
P39007 2 
P08524 2 
Q12051 2 
P41835 2 
P10659 2 
P19358 2 
P38145 2 
P08524 2 
Q12051 2 
P53848 2 
Q12074 2 
P40582 2 
Q12390 2 
P48239 2 
P36156 2 
Q04806 2 
P08566 2 
P29704 2 
Q12455 2 
Q12051 2 
P32378 2 
P38791 2 
P06106 2 
P53206 2 
P47164 2 
Q12198 2 
Q04533 2 
P06106 2 
P14843 2 
P32449 2 
P29703 2 
P22007 2 
P29703 2 
P18898 2 
Q00618 2 
P20133 2 
P28789 2 
P07884 2 
P50861 2 
P35196 2 
Q03175 2 
Q12063 2 
P40487 2 
P32461 2 
Q04235 2 
P33751 2 
P23542 2 
Q01802 2 
P52893 2 
P52892 2 
P38840 2 
P47039 2 
P07172 2 
P18544 2 
P07991 2 
P14742 2 
A2P2R3 2 
P17649 2 
P53090 2 
P38891 2 
P47176 2 
P43567 2 
P33330 2 
P53090 2 
P38840 2 
P50277 2 
P37254 2 
P04806 2 
P04807 2 
Q06204 2 
Q04409 2 
P17709 2 
P04385 2 
P16861 2 
P16862 2 
Q03786 2 
P25332 2 
P42826 2 
P47143 2 
P53915 2 
P21373 2 
Q03941 2 
Q02196 2 
Q03778 2 
P54838 2 
P43550 2 
P54838 2 
P43550 2 
P32190 2 
P20485 2 
Q04430 2 
P39988 2 
P53727 2 
P07277 2 
P17423 2 
P00549 2 
P52489 2 
Q12084 2 
P27515 2 
Q08224 2 
Q08975 2 
P41835 2 
P42951 2 
P39104 2 
P37297 2 
P32600 2 
P38994 2 
P08566 2 
Q03764 2 
Q06892 2 
P32622 2 
Q12246 2 
Q06147 2 
P40433 2 
Q12471 2 
Q06137 2 
P20048 2 
P22543 2 
P34756 2 
P07250 2 
Q06667 2 
Q12272 2 
P53915 2 
Q12382 2 
P00560 2 
P10869 2 
Q01217 2 
P32264 2 
P24521 2 
P07170 2 
Q12055 2 
P36010 2 
Q08224 2 
Q08975 2 
P15454 2 
P00572 2 
P26364 2 
P15700 2 
Q12494 2 
Q06685 2 
Q06685 2 
P32895 2 
P38620 2 
P38689 2 
P38063 2 
Q12265 2 
P35202 2 
P53848 2 
Q06178 2 
P53204 2 
P25576 2 
P38913 2 
P53332 2 
P08536 2 
P16550 2 
P22108 2 
P10964 2 
P22138 2 
P04050 2 
P08518 2 
P04051 2 
P22276 2 
P13433 2 
P24482 2 
P27344 2 
Q04603 2 
P25615 2 
P39985 2 
P13382 2 
P46957 2 
P15436 2 
P21951 2 
P15801 2 
P14284 2 
Q04049 2 
O13527 2 
Q12490 2 
Q12193 2 
Q12491 2 
P25384 2 
Q03855 2 
Q99231 2 
Q07793 2 
P0C2I2 2 
P0C2I3 2 
Q12472 2 
Q03494 2 
Q07791 2 
Q03612 2 
Q03619 2 
P0CX63 2 
Q12141 2 
Q12269 2 
Q12316 2 
Q12337 2 
P0CX64 2 
Q99315 2 
O13535 2 
P0C2J7 2 
Q7LHG5 2 
P47098 2 
P47100 2 
P47024 2 
Q12088 2 
P0C2I5 2 
P0C2I6 2 
P0C2I7 2 
P0C2J3 2 
P0C2J5 2 
Q04711 2 
Q03434 2 
Q04214 2 
Q04670 2 
Q12112 2 
Q99337 2 
Q12273 2 
Q92393 2 
Q12113 2 
Q12501 2 
Q12414 2 
P0C2I9 2 
P0C2J0 2 
P0C2J1 2 
A0A0B7P3V8 2 
P32861 2 
P38709 2 
P08431 2 
P41940 2 
P33412 2 
P13259 2 
Q06178 2 
P53204 2 
P29468 2 
P43123 2 
P38221 2 
P53230 2 
Q06163 2 
O13527 2 
Q12490 2 
Q12193 2 
Q12491 2 
P25384 2 
Q03855 2 
Q99231 2 
Q07793 2 
P0C2I2 2 
P0C2I3 2 
Q12472 2 
Q03494 2 
Q07791 2 
Q03612 2 
Q03619 2 
P0CX63 2 
Q12141 2 
Q12269 2 
Q12316 2 
Q12337 2 
P0CX64 2 
Q99315 2 
O13535 2 
P0C2J7 2 
Q7LHG5 2 
P47098 2 
P47100 2 
P47024 2 
Q12088 2 
P0C2I5 2 
P0C2I6 2 
P0C2I7 2 
P0C2J3 2 
P0C2J5 2 
Q04711 2 
Q03434 2 
Q04214 2 
Q04670 2 
Q12112 2 
Q99337 2 
Q12273 2 
Q92393 2 
Q12113 2 
Q12501 2 
Q12414 2 
P0C2I9 2 
P0C2J0 2 
P0C2J1 2 
A0A0B7P3V8 2 
Q01159 2 
P16550 2 
P22108 2 
P21269 2 
P53215 2 
P32579 2 
P22140 2 
P17898 2 
P22140 2 
P25578 2 
P50113 2 
Q12036 2 
P08456 2 
P06197 2 
P07286 2 
Q07560 2 
P38080 2 
P43633 2 
P32789 2 
P53974 2 
P53104 2 
P38110 2 
P38111 2 
Q01389 2 
P41695 2 
P53323 2 
P53894 2 
P27636 2 
P06243 2 
P38147 2 
P48562 2 
P15790 2 
P19454 2 
P32328 2 
P22204 2 
P39009 2 
P32801 2 
Q12003 2 
P53233 2 
P53739 2 
Q03002 2 
P15442 2 
Q12263 2 
P25333 2 
P38970 2 
Q08732 2 
P29295 2 
P34244 2 
P47042 2 
P32581 2 
P38991 2 
P32361 2 
Q06098 2 
P23291 2 
P23292 2 
P39962 2 
P25389 2 
P36005 2 
P38692 2 
P13185 2 
P13186 2 
P22209 2 
Q01919 2 
P25341 2 
P36004 2 
P38691 2 
P24719 2 
P50873 2 
P36003 2 
P22211 2 
Q03407 2 
Q12236 2 
Q03306 2 
P40494 2 
P28708 2 
Q12310 2 
P31374 2 
Q08217 2 
P36002 2 
P47116 2 
P38622 2 
P38623 2 
P38615 2 
P43565 2 
Q12196 2 
P40160 2 
Q12100 2 
P38990 2 
P11792 2 
Q12469 2 
Q12505 2 
Q03656 2 
P06782 2 
P08458 2 
P25390 2 
Q03497 2 
P32944 2 
Q03533 2 
P35169 2 
P32600 2 
P43637 2 
Q03785 2 
P22219 2 
Q12222 2 
Q12152 2 
P12688 2 
P18961 2 
P38070 2 
P40530 2 
P53170 2 
P06244 2 
P06245 2 
P05986 2 
P24583 2 
P27466 2 
P22517 2 
P32562 2 
P23293 2 
P43568 2 
P00546 2 
P17157 2 
P39073 2 
P23293 2 
Q03957 2 
P06242 2 
P39073 2 
P16892 2 
P32485 2 
P14681 2 
Q00772 2 
P41808 2 
P53599 2 
P23561 2 
P32350 2 
P21965 2 
P22216 2 
P14680 2 
P32490 2 
P32491 2 
P54199 2 
P08018 2 
P06784 2 
P39928 2 
Q12305 2 
Q08742 2 
Q08686 2 
P32451 2 
P25374 2 
P32875 2 
Q12093 2 
P25641 3 
P38139 3 
P54857 3 
P40308 3 
P36165 3 
Q12043 3 
Q04958 3 
P39105 3 
Q03674 3 
Q08108 3 
P34163 3 
Q07804 3 
Q07950 3 
P28321 3 
P34222 3 
P38876 3 
P38858 3 
P53315 3 
Q07505 3 
P38796 3 
P38332 3 
P32316 3 
P41903 3 
P28817 3 
Q05584 3 
Q12320 3 
P40363 3 
P07149 3 
P11491 3 
P24031 3 
P00635 3 
P35842 3 
P38693 3 
P52290 3 
P40347 3 
P42941 3 
P53933 3 
Q05521 3 
Q04396 3 
P32567 3 
P32179 3 
P09201 3 
P31688 3 
P38635 3 
Q03254 3 
P38757 3 
P25646 3 
P20604 3 
P32598 3 
P23594 3 
P23595 3 
P32838 3 
P23287 3 
P14747 3 
P35182 3 
P39966 3 
P34221 3 
P38089 3 
P38797 3 
P32345 3 
P32945 3 
P38148 3 
P53043 3 
P26570 3 
P33329 3 
P40084 3 
Q12378 3 
P53538 3 
P41277 3 
P40106 3 
P38710 3 
Q05533 3 
P38812 3 
Q03796 3 
O13297 3 
Q03220 3 
P40559 3 
P50942 3 
Q12271 3 
Q08227 3 
P36136 3 
P19881 3 
Q12511 3 
P25646 3 
P32604 3 
Q06137 3 
Q00684 3 
P40081 3 
P23748 3 
P38590 3 
P50946 3 
Q12454 3 
P40347 3 
P38148 3 
P25044 3 
P29461 3 
P40048 3 
Q02256 3 
P40479 3 
P53965 3 
P11491 3 
P47147 3 
P53916 3 
P38774 3 
P38773 3 
P32626 3 
Q05521 3 
P38218 3 
Q04299 3 
Q99312 3 
P25353 3 
P39997 3 
Q02979 3 
P36126 3 
P32383 3 
P22434 3 
P53314 3 
P06776 3 
Q02883 3 
P11491 3 
P39112 3 
P31384 3 
P53010 3 
P39008 3 
Q02555 3 
Q04740 3 
P53942 3 
O13527 3 
Q12490 3 
Q12193 3 
Q12491 3 
P25384 3 
Q03855 3 
Q99231 3 
Q07793 3 
P0C2I2 3 
P0C2I3 3 
Q12472 3 
Q03494 3 
Q07791 3 
Q03612 3 
Q03619 3 
P0CX63 3 
Q12141 3 
Q12269 3 
Q12316 3 
Q12337 3 
P0CX64 3 
Q99315 3 
O13535 3 
P0C2J7 3 
Q7LHG5 3 
P47098 3 
P47100 3 
P47024 3 
Q12088 3 
P0C2I5 3 
P0C2I6 3 
P0C2I7 3 
P0C2J3 3 
P0C2J5 3 
Q04711 3 
Q03434 3 
Q04214 3 
Q04670 3 
Q12112 3 
Q99337 3 
Q12273 3 
Q92393 3 
Q12113 3 
Q12501 3 
Q12414 3 
P0C2I9 3 
P0C2J0 3 
P0C2J1 3 
A0A0B7P3V8 3 
P41812 3 
P28005 3 
P53218 3 
P38291 3 
P38208 3 
Q02773 3 
P38786 3 
P40571 3 
P36159 3 
Q02933 3 
P08019 3 
P53753 3 
Q12168 3 
Q08295 3 
P40884 3 
P0CW40 3 
P53051 3 
P0CW41 3 
Q06350 3 
P29029 3 
P47180 3 
P53341 3 
P38158 3 
P22855 3 
P38888 3 
P00724 3 
P48016 3 
P32356 3 
P35172 3 
Q06625 3 
P15703 3 
P23776 3 
P52911 3 
P32603 3 
P38138 3 
P36091 3 
Q05031 3 
P53008 3 
P32906 3 
Q04179 3 
P22134 3 
P12887 3 
P39954 3 
Q10740 3 
Q07825 3 
P37302 3 
Q01662 3 
P38174 3 
P38821 3 
P14904 3 
P40051 3 
Q08225 3 
P00729 3 
P09620 3 
P27614 3 
P43558 3 
P43588 3 
P35127 3 
P53874 3 
P36026 3 
P39538 3 
P38187 3 
P38237 3 
P50101 3 
Q02863 3 
P25037 3 
Q01476 3 
Q01477 3 
P32571 3 
P39944 3 
P43593 3 
P40453 3 
P50102 3 
P39967 3 
Q08930 3 
Q05902 3 
P09232 3 
P13134 3 
P15367 3 
P53259 3 
Q01532 3 
Q03018 3 
Q02724 3 
P40537 3 
P07267 3 
P12630 3 
P53379 3 
P32329 3 
P25375 3 
P35999 3 
P11914 3 
P10507 3 
P47154 3 
P21243 3 
P23639 3 
P23638 3 
P40303 3 
P32379 3 
P40302 3 
P21242 3 
P38624 3 
P25043 3 
P25451 3 
P22141 3 
P30656 3 
P23724 3 
P30657 3 
P0CZ17 3 
P0CX77 3 
P0CX78 3 
P0CX79 3 
P38986 3 
Q03144 3 
P53823 3 
P43544 3 
P22580 3 
Q04066 3 
P53184 3 
Q06702 3 
Q06703 3 
Q02890 3 
P32528 3 
P23797 3 
P53973 3 
Q12214 3 
P53096 3 
Q02959 3 
P32561 3 
P20051 3 
P32375 3 
P28273 3 
P00812 3 
P25335 3 
Q12178 3 
P53909 3 
Q07729 3 
Q06549 3 
P15274 3 
P07245 3 
P09440 3 
P54113 3 
P38009 3 
P06773 3 
P51601 3 
P00815 3 
P38066 3 
Q12362 3 
P47058 3 
P53065 3 
P28239 3 
P00817 3 
P36016 3 
P40009 3 
P47119 3 
P25353 3 
P39997 3 
Q04119 3 
Q04119 3 
P38698 3 
Q01976 3 
P53164 3 
P33317 3 
P49775 3 
P00815 3 
P32621 3 
P53223 3 
Q99321 3 
Q12524 3 
Q06151 3 
Q99321 3 
P53550 3 
P39524 3 
Q12675 3 
P32660 3 
P40527 3 
Q12674 3 
P38360 3 
P05030 3 
P19657 3 
P13587 3 
Q01896 3 
Q12691 3 
P13586 3 
P38929 3 
P00830 3 
P17255 3 
P12866 3 
P38995 3 
P11484 3 
P40150 3 
P22516 3 
P38859 3 
P31380 3 
P34243 3 
P51979 3 
Q12039 3 
Q05549 3 
P53115 3 
P32807 3 
Q04437 3 
P29469 3 
P24279 3 
P30665 3 
P29496 3 
P53091 3 
P38132 3 
P40562 3 
P07271 3 
Q00578 3 
P40352 3 
P06839 3 
P38086 3 
P38766 3 
Q03940 3 
Q12464 3 
P35187 3 
P12954 3 
P32597 3 
Q05471 3 
P41896 3 
Q3E7X8 3 
P43538 3 
P40434 3 
P40889 3 
Q99208 3 
Q07888 3 
Q03099 3 
Q08995 3 
P0CX20 3 
P40105 3 
P0CX14 3 
O13559 3 
P0CX21 3 
P53819 3 
P0CX15 3 
P0CX22 3 
P32639 3 
Q12389 3 
P24784 3 
P24783 3 
P20447 3 
P20448 3 
P20449 3 
P53734 3 
P36120 3 
P38719 3 
Q06218 3 
P06634 3 
P39517 3 
Q04217 3 
P36009 3 
P32892 3 
P32644 3 
Q12099 3 
Q03532 3 
P10081 3 
P38112 3 
P53166 3 
P15424 3 
P47047 3 
P15938 3 
P24384 3 
P23394 3 
P20095 3 
P53131 3 
P21372 3 
P45818 3 
P38712 3 
P35207 3 
P53327 3 
P25808 3 
Q07478 3 
P32580 3 
Q06698 3 
P39730 3 
P54861 3 
Q05979 3 
P06169 4 
P16467 4 
P26263 4 
P40011 4 
Q04792 4 
P08432 4 
P21264 4 
P03962 4 
P32377 4 
P32347 4 
Q06408 4 
P06169 4 
P00937 4 
P10963 4 
P21182 4 
P39006 4 
P53037 4 
P06169 4 
Q03034 4 
P14540 4 
P53848 4 
Q05567 4 
P37303 4 
P28240 4 
P40011 4 
P00899 4 
P00937 4 
P28240 4 
Q12031 4 
Q03266 4 
Q08960 4 
P05066 4 
Q99258 4 
P53615 4 
P08417 4 
P19414 4 
P39522 4 
P08566 4 
P00924 4 
P00925 4 
P0CX10 4 
P0CX11 4 
P42222 4 
P06633 4 
P00931 4 
P32582 4 
P05373 4 
P07264 4 
P49367 4 
P32452 4 
P07149 4 
P0CH63 4 
P0CH64 4 
P06174 4 
Q12428 4 
P36059 4 
P38744 4 
P47095 4 
Q02207 4 
Q04432 4 
Q08992 4 
Q08914 4 
Q04902 4 
P40857 4 
P16120 4 
P08566 4 
P28777 4 
P22936 4 
P38207 4 
P31378 4 
Q08214 4 
P53397 4 
P36007 4 
P25379 4 
P0CF22 4 
P0CF21 4 
P53095 4 
P25379 4 
P00927 4 
P04076 4 
Q05911 4 
P32459 4 
Q03144 4 
P53823 4 
P43544 4 
Q03148 4 
P53824 4 
P43545 4 
P31373 4 
P50107 4 
P43623 4 
P53101 4 
P06182 4 
P08678 4 
P16658 4 
P39707 4 
P16622 4 
P15807 4 
P46969 5 
P04397 5 
P04397 5 
Q03161 5 
P40165 5 
Q02770 5 
P47103 5 
P53728 5 
P23285 5 
P25719 5 
P35176 5 
P14832 5 
P25334 5 
P22696 5 
P32472 5 
P38911 5 
Q06205 5 
P20081 5 
P53691 5 
P40454 5 
Q12461 5 
P00942 5 
Q12189 5 
P29952 5 
P12709 5 
P40545 5 
Q06489 5 
P00912 5 
P15496 5 
Q05871 5 
P40557 5 
P32474 5 
Q12404 5 
Q99316 5 
P17967 5 
P33401 5 
P37012 5 
P38628 5 
Q03262 5 
P07283 5 
P00950 5 
Q12008 5 
Q12326 5 
P32178 5 
P38604 5 
P48567 5 
Q08647 5 
Q12069 5 
Q12362 5 
P53294 5 
Q06244 5 
P53167 5 
P31115 5 
P11986 5 
P04786 5 
P13099 5 
P23179 5 
P06786 5 
P36421 6 
P48527 6 
Q12109 6 
P04803 6 
P04801 6 
P07236 6 
P26637 6 
P11325 6 
P09436 6 
P48526 6 
P15180 6 
P32048 6 
P40825 6 
P07806 6 
P00958 6 
P22438 6 
P07284 6 
P38705 6 
P04802 6 
P15179 6 
Q06817 6 
P38088 6 
P39965 6 
P38708 6 
P53852 6 
P46655 6 
P48525 6 
P13188 6 
Q05506 6 
P38714 6 
P15625 6 
P15624 6 
P08425 6 
P07263 6 
P38707 6 
P25345 6 
Q01574 6 
P52910 6 
P30624 6 
P39518 6 
P39002 6 
P47912 6 
P53598 6 
P53312 6 
P22515 6 
P32288 6 
Q12429 6 
P47051 6 
P40459 6 
P32477 6 
Q08220 6 
P40506 6 
P27616 6 
Q12676 6 
P36001 6 
Q08645 6 
P38254 6 
P07244 6 
P40099 6 
P53630 6 
P28274 6 
P38627 6 
P07245 6 
P09440 6 
P80210 6 
P22768 6 
P32528 6 
P48445 6 
P48445 6 
P48445 6 
P07244 6 
Q00955 6 
P32874 6 
P48445 6 
P39683 6 
P38795 6 
P38625 6 
P38972 6 
P49089 6 
P49090 6 
P07258 6 
P03965 6 
P07259 6 
Q03557 6 
P11154 6 
P32327 6 
Q00955 6 
P32874 6 
P04819 6 
Q08387 6 
P09880 6 
